<?xml version="1.0" encoding="UTF-8"?>
<testsuite xmlns:xsi="http://www.w3.org/2001/XMLSchema-instance" xsi:noNamespaceSchemaLocation="https://maven.apache.org/surefire/maven-surefire-plugin/xsd/surefire-test-report.xsd" name="TestSuite" time="9.211" tests="1" errors="0" skipped="0" failures="1">
  <properties>
    <property name="java.specification.version" value="13"/>
    <property name="sun.cpu.isalist" value="amd64"/>
    <property name="sun.jnu.encoding" value="Cp1252"/>
    <property name="java.class.path" value="C:\Users\ManojSignh\Documents\DarwinBDD\target\test-classes;C:\Users\ManojSignh\Documents\DarwinBDD\target\classes;C:\Users\ManojSignh\.m2\repository\io\cucumber\cucumber-java\6.3.0\cucumber-java-6.3.0.jar;C:\Users\ManojSignh\.m2\repository\org\apiguardian\apiguardian-api\1.1.0\apiguardian-api-1.1.0.jar;C:\Users\ManojSignh\.m2\repository\io\cucumber\cucumber-junit\6.3.0\cucumber-junit-6.3.0.jar;C:\Users\ManojSignh\.m2\repository\io\cucumber\cucumber-core\6.3.0\cucumber-core-6.3.0.jar;C:\Users\ManojSignh\.m2\repository\io\cucumber\cucumber-gherkin-messages\6.3.0\cucumber-gherkin-messages-6.3.0.jar;C:\Users\ManojSignh\.m2\repository\io\cucumber\tag-expressions\3.0.0\tag-expressions-3.0.0.jar;C:\Users\ManojSignh\.m2\repository\io\cucumber\cucumber-expressions\10.2.1\cucumber-expressions-10.2.1.jar;C:\Users\ManojSignh\.m2\repository\io\cucumber\datatable\3.3.1\datatable-3.3.1.jar;C:\Users\ManojSignh\.m2\repository\io\cucumber\docstring\6.3.0\docstring-6.3.0.jar;C:\Users\ManojSignh\.m2\repository\io\cucumber\html-formatter\7.0.0\html-formatter-7.0.0.jar;C:\Users\ManojSignh\.m2\repository\io\cucumber\gherkin\15.0.0\gherkin-15.0.0.jar;C:\Users\ManojSignh\.m2\repository\io\cucumber\messages\13.0.1\messages-13.0.1.jar;C:\Users\ManojSignh\.m2\repository\io\cucumber\cucumber-gherkin\6.3.0\cucumber-gherkin-6.3.0.jar;C:\Users\ManojSignh\.m2\repository\io\cucumber\cucumber-plugin\6.3.0\cucumber-plugin-6.3.0.jar;C:\Users\ManojSignh\.m2\repository\org\testng\testng\7.1.0\testng-7.1.0.jar;C:\Users\ManojSignh\.m2\repository\com\beust\jcommander\1.72\jcommander-1.72.jar;C:\Users\ManojSignh\.m2\repository\com\google\inject\guice\4.1.0\guice-4.1.0-no_aop.jar;C:\Users\ManojSignh\.m2\repository\javax\inject\javax.inject\1\javax.inject-1.jar;C:\Users\ManojSignh\.m2\repository\aopalliance\aopalliance\1.0\aopalliance-1.0.jar;C:\Users\ManojSignh\.m2\repository\org\yaml\snakeyaml\1.21\snakeyaml-1.21.jar;C:\Users\ManojSignh\.m2\repository\io\cucumber\cucumber-testng\6.3.0\cucumber-testng-6.3.0.jar;C:\Users\ManojSignh\.m2\repository\org\seleniumhq\selenium\selenium-java\3.141.59\selenium-java-3.141.59.jar;C:\Users\ManojSignh\.m2\repository\org\seleniumhq\selenium\selenium-api\3.141.59\selenium-api-3.141.59.jar;C:\Users\ManojSignh\.m2\repository\org\seleniumhq\selenium\selenium-chrome-driver\3.141.59\selenium-chrome-driver-3.141.59.jar;C:\Users\ManojSignh\.m2\repository\org\seleniumhq\selenium\selenium-edge-driver\3.141.59\selenium-edge-driver-3.141.59.jar;C:\Users\ManojSignh\.m2\repository\org\seleniumhq\selenium\selenium-firefox-driver\3.141.59\selenium-firefox-driver-3.141.59.jar;C:\Users\ManojSignh\.m2\repository\org\seleniumhq\selenium\selenium-ie-driver\3.141.59\selenium-ie-driver-3.141.59.jar;C:\Users\ManojSignh\.m2\repository\org\seleniumhq\selenium\selenium-opera-driver\3.141.59\selenium-opera-driver-3.141.59.jar;C:\Users\ManojSignh\.m2\repository\org\seleniumhq\selenium\selenium-remote-driver\3.141.59\selenium-remote-driver-3.141.59.jar;C:\Users\ManojSignh\.m2\repository\org\seleniumhq\selenium\selenium-safari-driver\3.141.59\selenium-safari-driver-3.141.59.jar;C:\Users\ManojSignh\.m2\repository\org\seleniumhq\selenium\selenium-support\3.141.59\selenium-support-3.141.59.jar;C:\Users\ManojSignh\.m2\repository\net\bytebuddy\byte-buddy\1.8.15\byte-buddy-1.8.15.jar;C:\Users\ManojSignh\.m2\repository\org\apache\commons\commons-exec\1.3\commons-exec-1.3.jar;C:\Users\ManojSignh\.m2\repository\com\google\guava\guava\25.0-jre\guava-25.0-jre.jar;C:\Users\ManojSignh\.m2\repository\com\google\code\findbugs\jsr305\1.3.9\jsr305-1.3.9.jar;C:\Users\ManojSignh\.m2\repository\org\checkerframework\checker-compat-qual\2.0.0\checker-compat-qual-2.0.0.jar;C:\Users\ManojSignh\.m2\repository\com\google\errorprone\error_prone_annotations\2.1.3\error_prone_annotations-2.1.3.jar;C:\Users\ManojSignh\.m2\repository\com\google\j2objc\j2objc-annotations\1.1\j2objc-annotations-1.1.jar;C:\Users\ManojSignh\.m2\repository\org\codehaus\mojo\animal-sniffer-annotations\1.14\animal-sniffer-annotations-1.14.jar;C:\Users\ManojSignh\.m2\repository\com\squareup\okhttp3\okhttp\3.11.0\okhttp-3.11.0.jar;C:\Users\ManojSignh\.m2\repository\com\squareup\okio\okio\1.14.0\okio-1.14.0.jar;C:\Users\ManojSignh\.m2\repository\junit\junit\4.13\junit-4.13.jar;C:\Users\ManojSignh\.m2\repository\org\hamcrest\hamcrest-core\1.3\hamcrest-core-1.3.jar;C:\Users\ManojSignh\.m2\repository\io\cucumber\cucumber-java8\6.3.0\cucumber-java8-6.3.0.jar;C:\Users\ManojSignh\.m2\repository\net\jodah\typetools\0.6.2\typetools-0.6.2.jar;C:\Users\ManojSignh\.m2\repository\io\github\bonigarcia\webdrivermanager\4.1.0\webdrivermanager-4.1.0.jar;C:\Users\ManojSignh\.m2\repository\org\slf4j\slf4j-api\1.7.30\slf4j-api-1.7.30.jar;C:\Users\ManojSignh\.m2\repository\commons-io\commons-io\2.7\commons-io-2.7.jar;C:\Users\ManojSignh\.m2\repository\com\google\code\gson\gson\2.8.6\gson-2.8.6.jar;C:\Users\ManojSignh\.m2\repository\org\apache\commons\commons-lang3\3.10\commons-lang3-3.10.jar;C:\Users\ManojSignh\.m2\repository\org\apache\httpcomponents\client5\httpclient5\5.0.1\httpclient5-5.0.1.jar;C:\Users\ManojSignh\.m2\repository\org\apache\httpcomponents\core5\httpcore5\5.0.1\httpcore5-5.0.1.jar;C:\Users\ManojSignh\.m2\repository\org\apache\httpcomponents\core5\httpcore5-h2\5.0.1\httpcore5-h2-5.0.1.jar;C:\Users\ManojSignh\.m2\repository\commons-codec\commons-codec\1.13\commons-codec-1.13.jar;C:\Users\ManojSignh\.m2\repository\org\rauschig\jarchivelib\1.0.0\jarchivelib-1.0.0.jar;C:\Users\ManojSignh\.m2\repository\org\apache\commons\commons-compress\1.18\commons-compress-1.18.jar;C:\Users\ManojSignh\.m2\repository\org\jsoup\jsoup\1.13.1\jsoup-1.13.1.jar;"/>
    <property name="java.vm.vendor" value="Oracle Corporation"/>
    <property name="sun.arch.data.model" value="64"/>
    <property name="user.variant" value=""/>
    <property name="java.vendor.url" value="https://java.oracle.com/"/>
    <property name="user.timezone" value="Asia/Calcutta"/>
    <property name="os.name" value="Windows 10"/>
    <property name="java.vm.specification.version" value="13"/>
    <property name="sun.java.launcher" value="SUN_STANDARD"/>
    <property name="user.country" value="IN"/>
    <property name="sun.boot.library.path" value="C:\Program Files\Java\jdk-13.0.2\bin"/>
    <property name="sun.java.command" value="C:\Users\MANOJS~1\AppData\Local\Temp\surefire4839809394099712933\surefirebooter1834143896606162195.jar C:\Users\ManojSignh\AppData\Local\Temp\surefire4839809394099712933 2020-08-17T16-49-49_560-jvmRun1 surefire17435757108496485152tmp surefire_02152417005754180845tmp"/>
    <property name="jdk.debug" value="release"/>
    <property name="surefire.test.class.path" value="C:\Users\ManojSignh\Documents\DarwinBDD\target\test-classes;C:\Users\ManojSignh\Documents\DarwinBDD\target\classes;C:\Users\ManojSignh\.m2\repository\io\cucumber\cucumber-java\6.3.0\cucumber-java-6.3.0.jar;C:\Users\ManojSignh\.m2\repository\org\apiguardian\apiguardian-api\1.1.0\apiguardian-api-1.1.0.jar;C:\Users\ManojSignh\.m2\repository\io\cucumber\cucumber-junit\6.3.0\cucumber-junit-6.3.0.jar;C:\Users\ManojSignh\.m2\repository\io\cucumber\cucumber-core\6.3.0\cucumber-core-6.3.0.jar;C:\Users\ManojSignh\.m2\repository\io\cucumber\cucumber-gherkin-messages\6.3.0\cucumber-gherkin-messages-6.3.0.jar;C:\Users\ManojSignh\.m2\repository\io\cucumber\tag-expressions\3.0.0\tag-expressions-3.0.0.jar;C:\Users\ManojSignh\.m2\repository\io\cucumber\cucumber-expressions\10.2.1\cucumber-expressions-10.2.1.jar;C:\Users\ManojSignh\.m2\repository\io\cucumber\datatable\3.3.1\datatable-3.3.1.jar;C:\Users\ManojSignh\.m2\repository\io\cucumber\docstring\6.3.0\docstring-6.3.0.jar;C:\Users\ManojSignh\.m2\repository\io\cucumber\html-formatter\7.0.0\html-formatter-7.0.0.jar;C:\Users\ManojSignh\.m2\repository\io\cucumber\gherkin\15.0.0\gherkin-15.0.0.jar;C:\Users\ManojSignh\.m2\repository\io\cucumber\messages\13.0.1\messages-13.0.1.jar;C:\Users\ManojSignh\.m2\repository\io\cucumber\cucumber-gherkin\6.3.0\cucumber-gherkin-6.3.0.jar;C:\Users\ManojSignh\.m2\repository\io\cucumber\cucumber-plugin\6.3.0\cucumber-plugin-6.3.0.jar;C:\Users\ManojSignh\.m2\repository\org\testng\testng\7.1.0\testng-7.1.0.jar;C:\Users\ManojSignh\.m2\repository\com\beust\jcommander\1.72\jcommander-1.72.jar;C:\Users\ManojSignh\.m2\repository\com\google\inject\guice\4.1.0\guice-4.1.0-no_aop.jar;C:\Users\ManojSignh\.m2\repository\javax\inject\javax.inject\1\javax.inject-1.jar;C:\Users\ManojSignh\.m2\repository\aopalliance\aopalliance\1.0\aopalliance-1.0.jar;C:\Users\ManojSignh\.m2\repository\org\yaml\snakeyaml\1.21\snakeyaml-1.21.jar;C:\Users\ManojSignh\.m2\repository\io\cucumber\cucumber-testng\6.3.0\cucumber-testng-6.3.0.jar;C:\Users\ManojSignh\.m2\repository\org\seleniumhq\selenium\selenium-java\3.141.59\selenium-java-3.141.59.jar;C:\Users\ManojSignh\.m2\repository\org\seleniumhq\selenium\selenium-api\3.141.59\selenium-api-3.141.59.jar;C:\Users\ManojSignh\.m2\repository\org\seleniumhq\selenium\selenium-chrome-driver\3.141.59\selenium-chrome-driver-3.141.59.jar;C:\Users\ManojSignh\.m2\repository\org\seleniumhq\selenium\selenium-edge-driver\3.141.59\selenium-edge-driver-3.141.59.jar;C:\Users\ManojSignh\.m2\repository\org\seleniumhq\selenium\selenium-firefox-driver\3.141.59\selenium-firefox-driver-3.141.59.jar;C:\Users\ManojSignh\.m2\repository\org\seleniumhq\selenium\selenium-ie-driver\3.141.59\selenium-ie-driver-3.141.59.jar;C:\Users\ManojSignh\.m2\repository\org\seleniumhq\selenium\selenium-opera-driver\3.141.59\selenium-opera-driver-3.141.59.jar;C:\Users\ManojSignh\.m2\repository\org\seleniumhq\selenium\selenium-remote-driver\3.141.59\selenium-remote-driver-3.141.59.jar;C:\Users\ManojSignh\.m2\repository\org\seleniumhq\selenium\selenium-safari-driver\3.141.59\selenium-safari-driver-3.141.59.jar;C:\Users\ManojSignh\.m2\repository\org\seleniumhq\selenium\selenium-support\3.141.59\selenium-support-3.141.59.jar;C:\Users\ManojSignh\.m2\repository\net\bytebuddy\byte-buddy\1.8.15\byte-buddy-1.8.15.jar;C:\Users\ManojSignh\.m2\repository\org\apache\commons\commons-exec\1.3\commons-exec-1.3.jar;C:\Users\ManojSignh\.m2\repository\com\google\guava\guava\25.0-jre\guava-25.0-jre.jar;C:\Users\ManojSignh\.m2\repository\com\google\code\findbugs\jsr305\1.3.9\jsr305-1.3.9.jar;C:\Users\ManojSignh\.m2\repository\org\checkerframework\checker-compat-qual\2.0.0\checker-compat-qual-2.0.0.jar;C:\Users\ManojSignh\.m2\repository\com\google\errorprone\error_prone_annotations\2.1.3\error_prone_annotations-2.1.3.jar;C:\Users\ManojSignh\.m2\repository\com\google\j2objc\j2objc-annotations\1.1\j2objc-annotations-1.1.jar;C:\Users\ManojSignh\.m2\repository\org\codehaus\mojo\animal-sniffer-annotations\1.14\animal-sniffer-annotations-1.14.jar;C:\Users\ManojSignh\.m2\repository\com\squareup\okhttp3\okhttp\3.11.0\okhttp-3.11.0.jar;C:\Users\ManojSignh\.m2\repository\com\squareup\okio\okio\1.14.0\okio-1.14.0.jar;C:\Users\ManojSignh\.m2\repository\junit\junit\4.13\junit-4.13.jar;C:\Users\ManojSignh\.m2\repository\org\hamcrest\hamcrest-core\1.3\hamcrest-core-1.3.jar;C:\Users\ManojSignh\.m2\repository\io\cucumber\cucumber-java8\6.3.0\cucumber-java8-6.3.0.jar;C:\Users\ManojSignh\.m2\repository\net\jodah\typetools\0.6.2\typetools-0.6.2.jar;C:\Users\ManojSignh\.m2\repository\io\github\bonigarcia\webdrivermanager\4.1.0\webdrivermanager-4.1.0.jar;C:\Users\ManojSignh\.m2\repository\org\slf4j\slf4j-api\1.7.30\slf4j-api-1.7.30.jar;C:\Users\ManojSignh\.m2\repository\commons-io\commons-io\2.7\commons-io-2.7.jar;C:\Users\ManojSignh\.m2\repository\com\google\code\gson\gson\2.8.6\gson-2.8.6.jar;C:\Users\ManojSignh\.m2\repository\org\apache\commons\commons-lang3\3.10\commons-lang3-3.10.jar;C:\Users\ManojSignh\.m2\repository\org\apache\httpcomponents\client5\httpclient5\5.0.1\httpclient5-5.0.1.jar;C:\Users\ManojSignh\.m2\repository\org\apache\httpcomponents\core5\httpcore5\5.0.1\httpcore5-5.0.1.jar;C:\Users\ManojSignh\.m2\repository\org\apache\httpcomponents\core5\httpcore5-h2\5.0.1\httpcore5-h2-5.0.1.jar;C:\Users\ManojSignh\.m2\repository\commons-codec\commons-codec\1.13\commons-codec-1.13.jar;C:\Users\ManojSignh\.m2\repository\org\rauschig\jarchivelib\1.0.0\jarchivelib-1.0.0.jar;C:\Users\ManojSignh\.m2\repository\org\apache\commons\commons-compress\1.18\commons-compress-1.18.jar;C:\Users\ManojSignh\.m2\repository\org\jsoup\jsoup\1.13.1\jsoup-1.13.1.jar;"/>
    <property name="sun.cpu.endian" value="little"/>
    <property name="user.home" value="C:\Users\ManojSignh"/>
    <property name="user.language" value="en"/>
    <property name="java.specification.vendor" value="Oracle Corporation"/>
    <property name="java.version.date" value="2020-01-14"/>
    <property name="java.home" value="C:\Program Files\Java\jdk-13.0.2"/>
    <property name="file.separator" value="\"/>
    <property name="basedir" value="C:\Users\ManojSignh\Documents\DarwinBDD"/>
    <property name="java.vm.compressedOopsMode" value="32-bit"/>
    <property name="line.separator" value="&#10;"/>
    <property name="java.vm.specification.vendor" value="Oracle Corporation"/>
    <property name="java.specification.name" value="Java Platform API Specification"/>
    <property name="surefire.real.class.path" value="C:\Users\MANOJS~1\AppData\Local\Temp\surefire4839809394099712933\surefirebooter1834143896606162195.jar"/>
    <property name="user.script" value=""/>
    <property name="sun.management.compiler" value="HotSpot 64-Bit Tiered Compilers"/>
    <property name="java.runtime.version" value="13.0.2+8"/>
    <property name="user.name" value="ManojSignh"/>
    <property name="path.separator" value=";"/>
    <property name="os.version" value="10.0"/>
    <property name="java.runtime.name" value="Java(TM) SE Runtime Environment"/>
    <property name="file.encoding" value="Cp1252"/>
    <property name="browser" value="firefox"/>
    <property name="java.vm.name" value="Java HotSpot(TM) 64-Bit Server VM"/>
    <property name="localRepository" value="C:\Users\ManojSignh\.m2\repository"/>
    <property name="java.vendor.url.bug" value="https://bugreport.java.com/bugreport/"/>
    <property name="java.io.tmpdir" value="C:\Users\MANOJS~1\AppData\Local\Temp\"/>
    <property name="java.version" value="13.0.2"/>
    <property name="user.dir" value="C:\Users\ManojSignh\Documents\DarwinBDD"/>
    <property name="os.arch" value="amd64"/>
    <property name="java.vm.specification.name" value="Java Virtual Machine Specification"/>
    <property name="sun.os.patch.level" value=""/>
    <property name="java.library.path" value="C:\Program Files\Java\jdk-13.0.2\bin;C:\Windows\Sun\Java\bin;C:\Windows\system32;C:\Windows;C:\Program Files (x86)\Common Files\Oracle\Java\javapath;C:\Windows\system32;C:\Windows;C:\Windows\System32\Wbem;C:\Windows\System32\WindowsPowerShell\v1.0\;C:\Windows\System32\OpenSSH\;C:\Program Files (x86)\NVIDIA Corporation\PhysX\Common;C:\Program Files\Intel\WiFi\bin\;C:\Program Files\Common Files\Intel\WirelessCommon\;C:\Program Files\nodejs\;C:\Program Files\Microsoft VS Code\bin;C:\Program Files\Java\jdk-13.0.2;C:\Program Files\Mozilla Firefox;C:\Users\ManojSignh\Downloads\gradle-6.5.1-bin\gradle-6.5.1\bin;C:\Users\ManojSignh\Downloads\apache-maven-3.6.3-bin\apache-maven-3.6.3\bin;C:\Users\ManojSignh\AppData\Local\Microsoft\WindowsApps;C:\Users\ManojSignh\AppData\Roaming\npm;C:\Program Files\Git\bin\;C:\Program Files\Git\cmd\;C:\Program Files\Mozilla Firefox\firefox.exe;;."/>
    <property name="java.vm.info" value="mixed mode, sharing"/>
    <property name="java.vendor" value="Oracle Corporation"/>
    <property name="java.vm.version" value="13.0.2+8"/>
    <property name="sun.io.unicode.encoding" value="UnicodeLittle"/>
    <property name="java.class.version" value="57.0"/>
  </properties>
  <testcase name="runScenario" classname="testRunner.TestRunner" time="7.567">
    <failure type="java.lang.NullPointerException">java.lang.NullPointerException
</failure>
    <system-out><![CDATA[
Scenario: Verify user able to login with valid credentials # src/test/resources/features/loginss.feature:22
  Given Go to hosted page                                  # stepDefinitions.LoginSteps.go_to_hosted_page()
      java.lang.NullPointerException
	at utilities.TestBase.OpenBrowser(TestBase.java:47)
	at stepDefinitions.LoginSteps.go_to_hosted_page(LoginSteps.java:22)
	at âœ½.Go to hosted page(file:///C:/Users/ManojSignh/Documents/DarwinBDD/src/test/resources/features/loginss.feature:23)

  When Enter valid email and password                      # stepDefinitions.LoginSteps.enter_valid_email_and_password()
  And Click login button                                   # stepDefinitions.LoginSteps.click_login_button()
  Then Dashboard should show                               # stepDefinitions.LoginSteps.dashboard_should_show()
]]></system-out>
    <system-err><![CDATA[SLF4J: Failed to load class "org.slf4j.impl.StaticLoggerBinder".
SLF4J: Defaulting to no-operation (NOP) logger implementation
SLF4J: See http://www.slf4j.org/codes.html#StaticLoggerBinder for further details.
1597663193568	geckodriver	INFO	Listening on 127.0.0.1:39310
1597663194667	mozrunner::runner	INFO	Running command: "C:\\Program Files\\Mozilla Firefox\\firefox.exe" "--marionette" "-foreground" "-no-remote" "-profile" "C:\\Users\\MANOJS~1\\AppData\\Local\\Temp\\rust_mozprofilexHZ6db"
JavaScript error: resource://gre/modules/XULStore.jsm, line 66: Error: Can't find profile directory.
console.error: SearchCache: "_readCacheFile: Error reading cache file:" (new Error("", "(unknown module)"))
1597663199835	Marionette	INFO	Listening on port 56141
1597663199902	Marionette	WARN	TLS certificate errors will be ignored for this session
Aug 17, 2020 4:49:59 PM org.openqa.selenium.remote.ProtocolHandshake createSession
INFO: Detected dialect: W3C
]]></system-err>
  </testcase>
</testsuite>