<?xml version="1.0" encoding="UTF-8"?>
<!-- Generated by org.testng.reporters.JUnitReportReporter -->
<testsuite hostname="LRIN-QA-03" failures="0" tests="1" name="testRunner.TestRunner" time="22.657" errors="0" timestamp="2020-08-18T14:35:01 IST" skipped="0">
  <testcase classname="testRunner.TestRunner" name="runScenario" time="22.657"/>
  <system-out/>
</testsuite> <!-- testRunner.TestRunner -->
